21:48:51.153 [main] ERROR org.apache.hadoop.security.UserGroupInformation - PriviledgedActionException as:Administrator cause:org.apache.hadoop.ipc.RemoteException: Server IPC version 9 cannot communicate with client version 4
22:22:56.728 [main] ERROR org.apache.hadoop.util.Shell - Failed to locate the winutils binary in the hadoop binary path
java.io.IOException: Could not locate executable null\bin\winutils.exe in the Hadoop binaries.
	at org.apache.hadoop.util.Shell.getQualifiedBinPath(Shell.java:318) ~[hadoop-common-2.3.0.jar:?]
	at org.apache.hadoop.util.Shell.getWinUtilsPath(Shell.java:333) [hadoop-common-2.3.0.jar:?]
	at org.apache.hadoop.util.Shell.<clinit>(Shell.java:326) [hadoop-common-2.3.0.jar:?]
	at org.apache.hadoop.util.StringUtils.<clinit>(StringUtils.java:76) [hadoop-common-2.3.0.jar:?]
	at org.apache.hadoop.security.Groups.parseStaticMapping(Groups.java:92) [hadoop-common-2.3.0.jar:?]
	at org.apache.hadoop.security.Groups.<init>(Groups.java:76) [hadoop-common-2.3.0.jar:?]
	at org.apache.hadoop.security.Groups.getUserToGroupsMappingService(Groups.java:239) [hadoop-common-2.3.0.jar:?]
	at org.apache.hadoop.security.UserGroupInformation.initialize(UserGroupInformation.java:255) [hadoop-common-2.3.0.jar:?]
	at org.apache.hadoop.security.UserGroupInformation.ensureInitialized(UserGroupInformation.java:232) [hadoop-common-2.3.0.jar:?]
	at org.apache.hadoop.security.UserGroupInformation.loginUserFromSubject(UserGroupInformation.java:718) [hadoop-common-2.3.0.jar:?]
	at org.apache.hadoop.security.UserGroupInformation.getLoginUser(UserGroupInformation.java:703) [hadoop-common-2.3.0.jar:?]
	at org.apache.hadoop.security.UserGroupInformation.getCurrentUser(UserGroupInformation.java:605) [hadoop-common-2.3.0.jar:?]
	at org.apache.hadoop.fs.FileSystem$Cache$Key.<init>(FileSystem.java:2473) [hadoop-common-2.3.0.jar:?]
	at org.apache.hadoop.fs.FileSystem$Cache$Key.<init>(FileSystem.java:2465) [hadoop-common-2.3.0.jar:?]
	at org.apache.hadoop.fs.FileSystem$Cache.get(FileSystem.java:2331) [hadoop-common-2.3.0.jar:?]
	at org.apache.hadoop.fs.FileSystem.get(FileSystem.java:369) [hadoop-common-2.3.0.jar:?]
	at org.apache.hadoop.fs.FileSystem.get(FileSystem.java:168) [hadoop-common-2.3.0.jar:?]
	at org.apache.hadoop.mapred.JobConf.getWorkingDirectory(JobConf.java:653) [hadoop-mapreduce-client-core-2.3.0.jar:?]
	at org.apache.hadoop.mapred.FileInputFormat.setInputPaths(FileInputFormat.java:389) [hadoop-mapreduce-client-core-2.3.0.jar:?]
	at org.hadoop.sample.WordCount.main(WordCount.java:76) [classes/:?]
22:30:04.256 [main] ERROR org.apache.hadoop.util.Shell - Failed to locate the winutils binary in the hadoop binary path
java.io.IOException: Could not locate executable null\bin\winutils.exe in the Hadoop binaries.
	at org.apache.hadoop.util.Shell.getQualifiedBinPath(Shell.java:318) ~[hadoop-common-2.3.0.jar:?]
	at org.apache.hadoop.util.Shell.getWinUtilsPath(Shell.java:333) [hadoop-common-2.3.0.jar:?]
	at org.apache.hadoop.util.Shell.<clinit>(Shell.java:326) [hadoop-common-2.3.0.jar:?]
	at org.apache.hadoop.util.StringUtils.<clinit>(StringUtils.java:76) [hadoop-common-2.3.0.jar:?]
	at org.apache.hadoop.security.Groups.parseStaticMapping(Groups.java:92) [hadoop-common-2.3.0.jar:?]
	at org.apache.hadoop.security.Groups.<init>(Groups.java:76) [hadoop-common-2.3.0.jar:?]
	at org.apache.hadoop.security.Groups.getUserToGroupsMappingService(Groups.java:239) [hadoop-common-2.3.0.jar:?]
	at org.apache.hadoop.security.UserGroupInformation.initialize(UserGroupInformation.java:255) [hadoop-common-2.3.0.jar:?]
	at org.apache.hadoop.security.UserGroupInformation.ensureInitialized(UserGroupInformation.java:232) [hadoop-common-2.3.0.jar:?]
	at org.apache.hadoop.security.UserGroupInformation.loginUserFromSubject(UserGroupInformation.java:718) [hadoop-common-2.3.0.jar:?]
	at org.apache.hadoop.security.UserGroupInformation.getLoginUser(UserGroupInformation.java:703) [hadoop-common-2.3.0.jar:?]
	at org.apache.hadoop.security.UserGroupInformation.getCurrentUser(UserGroupInformation.java:605) [hadoop-common-2.3.0.jar:?]
	at org.apache.hadoop.fs.FileSystem$Cache$Key.<init>(FileSystem.java:2473) [hadoop-common-2.3.0.jar:?]
	at org.apache.hadoop.fs.FileSystem$Cache$Key.<init>(FileSystem.java:2465) [hadoop-common-2.3.0.jar:?]
	at org.apache.hadoop.fs.FileSystem$Cache.get(FileSystem.java:2331) [hadoop-common-2.3.0.jar:?]
	at org.apache.hadoop.fs.FileSystem.get(FileSystem.java:369) [hadoop-common-2.3.0.jar:?]
	at org.apache.hadoop.fs.FileSystem.get(FileSystem.java:168) [hadoop-common-2.3.0.jar:?]
	at org.apache.hadoop.mapred.JobConf.getWorkingDirectory(JobConf.java:653) [hadoop-mapreduce-client-core-2.3.0.jar:?]
	at org.apache.hadoop.mapred.FileInputFormat.setInputPaths(FileInputFormat.java:389) [hadoop-mapreduce-client-core-2.3.0.jar:?]
	at org.hadoop.sample.WordCount.main(WordCount.java:76) [classes/:?]
22:31:28.332 [main] ERROR org.apache.hadoop.util.Shell - Failed to locate the winutils binary in the hadoop binary path
java.io.IOException: Could not locate executable null\bin\winutils.exe in the Hadoop binaries.
	at org.apache.hadoop.util.Shell.getQualifiedBinPath(Shell.java:318) ~[hadoop-common-2.3.0.jar:?]
	at org.apache.hadoop.util.Shell.getWinUtilsPath(Shell.java:333) [hadoop-common-2.3.0.jar:?]
	at org.apache.hadoop.util.Shell.<clinit>(Shell.java:326) [hadoop-common-2.3.0.jar:?]
	at org.apache.hadoop.util.StringUtils.<clinit>(StringUtils.java:76) [hadoop-common-2.3.0.jar:?]
	at org.apache.hadoop.security.Groups.parseStaticMapping(Groups.java:92) [hadoop-common-2.3.0.jar:?]
	at org.apache.hadoop.security.Groups.<init>(Groups.java:76) [hadoop-common-2.3.0.jar:?]
	at org.apache.hadoop.security.Groups.getUserToGroupsMappingService(Groups.java:239) [hadoop-common-2.3.0.jar:?]
	at org.apache.hadoop.security.UserGroupInformation.initialize(UserGroupInformation.java:255) [hadoop-common-2.3.0.jar:?]
	at org.apache.hadoop.security.UserGroupInformation.ensureInitialized(UserGroupInformation.java:232) [hadoop-common-2.3.0.jar:?]
	at org.apache.hadoop.security.UserGroupInformation.loginUserFromSubject(UserGroupInformation.java:718) [hadoop-common-2.3.0.jar:?]
	at org.apache.hadoop.security.UserGroupInformation.getLoginUser(UserGroupInformation.java:703) [hadoop-common-2.3.0.jar:?]
	at org.apache.hadoop.security.UserGroupInformation.getCurrentUser(UserGroupInformation.java:605) [hadoop-common-2.3.0.jar:?]
	at org.apache.hadoop.fs.FileSystem$Cache$Key.<init>(FileSystem.java:2473) [hadoop-common-2.3.0.jar:?]
	at org.apache.hadoop.fs.FileSystem$Cache$Key.<init>(FileSystem.java:2465) [hadoop-common-2.3.0.jar:?]
	at org.apache.hadoop.fs.FileSystem$Cache.get(FileSystem.java:2331) [hadoop-common-2.3.0.jar:?]
	at org.apache.hadoop.fs.FileSystem.get(FileSystem.java:369) [hadoop-common-2.3.0.jar:?]
	at org.apache.hadoop.fs.FileSystem.get(FileSystem.java:168) [hadoop-common-2.3.0.jar:?]
	at org.apache.hadoop.mapred.JobConf.getWorkingDirectory(JobConf.java:653) [hadoop-mapreduce-client-core-2.3.0.jar:?]
	at org.apache.hadoop.mapred.FileInputFormat.setInputPaths(FileInputFormat.java:389) [hadoop-mapreduce-client-core-2.3.0.jar:?]
	at org.hadoop.sample.WordCount.main(WordCount.java:76) [classes/:?]
